<?xml version="1.0" encoding="UTF-8"?>
<!-- Generated by org.testng.reporters.JUnitReportReporter -->
<testsuite hostname="DESKTOP-7410DNG" failures="0" tests="1" name="api.test.SimpleTest" time="2.428" errors="0" timestamp="13 Aug 2021 11:08:37 GMT" skipped="0">
  <testcase classname="api.test.SimpleTest" name="TC_06_verifyDeleteAndPutRequest" time="2.428"/>
</testsuite> <!-- api.test.SimpleTest -->
