<?xml version="1.0" encoding="UTF-8"?>
<!-- Generated by org.testng.reporters.JUnitReportReporter -->
<testsuite hostname="DESKTOP-7410DNG" failures="0" tests="1" name="api.test.SimpleGetTest" time="2.067" errors="0" timestamp="11 Aug 2021 15:07:47 GMT" skipped="0">
  <testcase classname="api.test.SimpleGetTest" name="TC_06_verifyResponse" time="2.067"/>
</testsuite> <!-- api.test.SimpleGetTest -->
