<?xml version="1.0" encoding="UTF-8"?>
<!-- Generated by org.testng.reporters.JUnitReportReporter -->
<testsuite hostname="DESKTOP-7410DNG" failures="0" tests="1" name="api.test.HTTPSimpleTest" time="0.954" errors="0" timestamp="16 Aug 2021 08:35:16 GMT" skipped="0">
  <testcase classname="api.test.HTTPSimpleTest" name="testGetCall" time="0.954"/>
</testsuite> <!-- api.test.HTTPSimpleTest -->
